<?xml version="1.0" encoding="UTF-8"?>
<!-- Generated by org.testng.reporters.JUnitXMLReporter -->
<testsuite ignored="0" hostname="DESKTOP-EVNKM3L" failures="0" tests="3" name="Command line test" time="24.356" errors="0" timestamp="04 Jan 2024 06:47:41 GMT">
  <testcase classname="Sai.FlipkartTest" name="flipkartTest" time="18.145"/>
  <testcase classname="Sai.GoogleTestTest" name="googleTest" time="6.186"/>
  <testcase classname="Sai.OtpTest" name="getOtpTest" time="0.0"/>
</testsuite> <!-- Command line test -->
